<?xml version="1.0" encoding="UTF-8"?>
<!-- Generated by org.testng.reporters.JUnitXMLReporter -->
<testsuite ignored="0" hostname="Muthukumar" failures="0" tests="3" name="Test" time="17.363" errors="0" timestamp="2023-11-21T16:32:03 IST">
  <testcase classname="com.crossBrowser.CrossBrowser" name="openBrowser" time="2.147"/>
  <testcase classname="com.crossBrowser.CrossBrowser" name="searchData" time="2.245"/>
  <testcase classname="com.crossBrowser.CrossBrowser" name="verifyTitle" time="1.701"/>
</testsuite> <!-- Test -->
