<?xml version="1.0" encoding="UTF-8"?>
<testng-results ignored="0" total="3" passed="3" failed="0" skipped="0">
  <reporter-output>
  </reporter-output>
  <suite started-at="2023-11-21T16:31:46 IST" name="Suite" finished-at="2023-11-21T16:32:03 IST" duration-ms="17363">
    <groups>
    </groups>
    <test started-at="2023-11-21T16:31:46 IST" name="Test" finished-at="2023-11-21T16:32:03 IST" duration-ms="17363">
      <class name="com.crossBrowser.CrossBrowser">
        <test-method is-config="true" signature="LaunchBrowser(java.lang.String,java.lang.String,java.lang.String)[pri:0, instance:com.crossBrowser.CrossBrowser@57d7f8ca]" started-at="2023-11-21T16:31:46 IST" name="LaunchBrowser" finished-at="2023-11-21T16:31:49 IST" duration-ms="3529" status="PASS">
          <params>
            <param index="0">
              <value>
                <![CDATA[firefox]]>
              </value>
            </param>
            <param index="1">
              <value>
                <![CDATA[no]]>
              </value>
            </param>
            <param index="2">
              <value>
                <![CDATA[no]]>
              </value>
            </param>
          </params>
          <reporter-output>
          </reporter-output>
        </test-method> <!-- LaunchBrowser -->
        <test-method signature="openBrowser(java.lang.String)[pri:0, instance:com.crossBrowser.CrossBrowser@57d7f8ca]" started-at="2023-11-21T16:31:49 IST" name="openBrowser" finished-at="2023-11-21T16:31:51 IST" duration-ms="2147" status="PASS">
          <params>
            <param index="0">
              <value>
                <![CDATA[https://www.google.com]]>
              </value>
            </param>
          </params>
          <reporter-output>
          </reporter-output>
        </test-method> <!-- openBrowser -->
        <test-method is-config="true" signature="teardown()[pri:0, instance:com.crossBrowser.CrossBrowser@57d7f8ca]" started-at="2023-11-21T16:31:51 IST" name="teardown" finished-at="2023-11-21T16:31:53 IST" duration-ms="1146" status="PASS">
          <reporter-output>
          </reporter-output>
        </test-method> <!-- teardown -->
        <test-method is-config="true" signature="LaunchBrowser(java.lang.String,java.lang.String,java.lang.String)[pri:0, instance:com.crossBrowser.CrossBrowser@57d7f8ca]" started-at="2023-11-21T16:31:53 IST" name="LaunchBrowser" finished-at="2023-11-21T16:31:55 IST" duration-ms="2300" status="PASS">
          <params>
            <param index="0">
              <value>
                <![CDATA[firefox]]>
              </value>
            </param>
            <param index="1">
              <value>
                <![CDATA[no]]>
              </value>
            </param>
            <param index="2">
              <value>
                <![CDATA[no]]>
              </value>
            </param>
          </params>
          <reporter-output>
          </reporter-output>
        </test-method> <!-- LaunchBrowser -->
        <test-method signature="searchData(java.lang.String,java.lang.String)[pri:0, instance:com.crossBrowser.CrossBrowser@57d7f8ca]" started-at="2023-11-21T16:31:55 IST" name="searchData" finished-at="2023-11-21T16:31:57 IST" duration-ms="2245" status="PASS">
          <params>
            <param index="0">
              <value>
                <![CDATA[https://www.google.com]]>
              </value>
            </param>
            <param index="1">
              <value>
                <![CDATA[Selenium Tutorials]]>
              </value>
            </param>
          </params>
          <reporter-output>
          </reporter-output>
        </test-method> <!-- searchData -->
        <test-method is-config="true" signature="teardown()[pri:0, instance:com.crossBrowser.CrossBrowser@57d7f8ca]" started-at="2023-11-21T16:31:57 IST" name="teardown" finished-at="2023-11-21T16:31:58 IST" duration-ms="936" status="PASS">
          <reporter-output>
          </reporter-output>
        </test-method> <!-- teardown -->
        <test-method is-config="true" signature="LaunchBrowser(java.lang.String,java.lang.String,java.lang.String)[pri:0, instance:com.crossBrowser.CrossBrowser@57d7f8ca]" started-at="2023-11-21T16:31:58 IST" name="LaunchBrowser" finished-at="2023-11-21T16:32:00 IST" duration-ms="2246" status="PASS">
          <params>
            <param index="0">
              <value>
                <![CDATA[firefox]]>
              </value>
            </param>
            <param index="1">
              <value>
                <![CDATA[no]]>
              </value>
            </param>
            <param index="2">
              <value>
                <![CDATA[no]]>
              </value>
            </param>
          </params>
          <reporter-output>
          </reporter-output>
        </test-method> <!-- LaunchBrowser -->
        <test-method signature="verifyTitle(java.lang.String,java.lang.String)[pri:0, instance:com.crossBrowser.CrossBrowser@57d7f8ca]" started-at="2023-11-21T16:32:00 IST" name="verifyTitle" finished-at="2023-11-21T16:32:02 IST" duration-ms="1701" status="PASS">
          <params>
            <param index="0">
              <value>
                <![CDATA[https://www.google.com]]>
              </value>
            </param>
            <param index="1">
              <value>
                <![CDATA[Selenium Tutorials]]>
              </value>
            </param>
          </params>
          <reporter-output>
          </reporter-output>
        </test-method> <!-- verifyTitle -->
        <test-method is-config="true" signature="teardown()[pri:0, instance:com.crossBrowser.CrossBrowser@57d7f8ca]" started-at="2023-11-21T16:32:02 IST" name="teardown" finished-at="2023-11-21T16:32:03 IST" duration-ms="1075" status="PASS">
          <reporter-output>
          </reporter-output>
        </test-method> <!-- teardown -->
      </class> <!-- com.crossBrowser.CrossBrowser -->
    </test> <!-- Test -->
  </suite> <!-- Suite -->
</testng-results>
