<?xml version="1.0" encoding="UTF-8"?>
<testng-results ignored="0" total="1" passed="1" failed="0" skipped="0">
  <reporter-output>
  </reporter-output>
  <suite started-at="2023-11-23T11:05:18 IST" name="Suite" finished-at="2023-11-23T11:05:25 IST" duration-ms="6489">
    <groups>
    </groups>
    <test started-at="2023-11-23T11:05:18 IST" name="Test" finished-at="2023-11-23T11:05:25 IST" duration-ms="6489">
      <class name="com.crossBrowser.CrossBrowser">
        <test-method is-config="true" signature="LaunchBrowser(java.lang.String,java.lang.String,java.lang.String)[pri:0, instance:com.crossBrowser.CrossBrowser@a530d0a]" started-at="2023-11-23T11:05:18 IST" name="LaunchBrowser" finished-at="2023-11-23T11:05:22 IST" duration-ms="3328" status="PASS">
          <params>
            <param index="0">
              <value>
                <![CDATA[firefox]]>
              </value>
            </param>
            <param index="1">
              <value>
                <![CDATA[no]]>
              </value>
            </param>
            <param index="2">
              <value>
                <![CDATA[no]]>
              </value>
            </param>
          </params>
          <reporter-output>
          </reporter-output>
        </test-method> <!-- LaunchBrowser -->
        <test-method signature="searchData(java.lang.String,java.lang.String)[pri:0, instance:com.crossBrowser.CrossBrowser@a530d0a]" started-at="2023-11-23T11:05:22 IST" name="searchData" finished-at="2023-11-23T11:05:24 IST" duration-ms="1980" status="PASS">
          <params>
            <param index="0">
              <value>
                <![CDATA[https://www.google.com]]>
              </value>
            </param>
            <param index="1">
              <value>
                <![CDATA[Selenium Tutorials]]>
              </value>
            </param>
          </params>
          <reporter-output>
          </reporter-output>
        </test-method> <!-- searchData -->
        <test-method is-config="true" signature="teardown()[pri:0, instance:com.crossBrowser.CrossBrowser@a530d0a]" started-at="2023-11-23T11:05:24 IST" name="teardown" finished-at="2023-11-23T11:05:25 IST" duration-ms="1147" status="PASS">
          <reporter-output>
          </reporter-output>
        </test-method> <!-- teardown -->
      </class> <!-- com.crossBrowser.CrossBrowser -->
    </test> <!-- Test -->
  </suite> <!-- Suite -->
</testng-results>
